<?xml version="1.0" encoding="UTF-8"?>
<testsuite name="com.example.CodingTask.solution.ScriptExecutionPlanTest" tests="1" skipped="0" failures="0" errors="0" timestamp="2024-08-08T13:11:46" hostname="DESKTOP-6V57C9K" time="0.018">
  <properties/>
  <testcase name="testExecutionPlanWithDependencies()" classname="com.example.CodingTask.solution.ScriptExecutionPlanTest" time="0.018"/>
  <system-out><![CDATA[]]></system-out>
  <system-err><![CDATA[]]></system-err>
</testsuite>
